{"C:\\proj\\bible\\kjv-search\\src\\lib\\array.ts": {"path":"C:\\proj\\bible\\kjv-search\\src\\lib\\array.ts","statementMap":{"0":{"start":{"line":1,"column":21},"end":{"line":5,"column":null}},"1":{"start":{"line":2,"column":2},"end":{"line":5,"column":null}},"2":{"start":{"line":5,"column":8},"end":{"line":5,"column":47}},"3":{"start":{"line":8,"column":9},"end":{"line":8,"column":21}}},"fnMap":{"0":{"name":"(anonymous_0)","decl":{"start":{"line":1,"column":21},"end":{"line":1,"column":22}},"loc":{"start":{"line":2,"column":2},"end":{"line":5,"column":null}}},"1":{"name":"(anonymous_1)","decl":{"start":{"line":4,"column":52},"end":{"line":4,"column":53}},"loc":{"start":{"line":5,"column":8},"end":{"line":5,"column":47}}}},"branchMap":{"0":{"loc":{"start":{"line":2,"column":2},"end":{"line":5,"column":null}},"type":"cond-expr","locations":[{"start":{"line":3,"column":6},"end":{"line":3,"column":8}},{"start":{"line":4,"column":6},"end":{"line":5,"column":null}}]},"1":{"loc":{"start":{"line":2,"column":2},"end":{"line":2,"column":44}},"type":"binary-expr","locations":[{"start":{"line":2,"column":2},"end":{"line":2,"column":21}},{"start":{"line":2,"column":25},"end":{"line":2,"column":44}}]},"2":{"loc":{"start":{"line":5,"column":8},"end":{"line":5,"column":47}},"type":"cond-expr","locations":[{"start":{"line":5,"column":20},"end":{"line":5,"column":32}},{"start":{"line":5,"column":35},"end":{"line":5,"column":47}}]}},"s":{"0":2,"1":8,"2":18,"3":2},"f":{"0":8,"1":18},"b":{"0":[2,6],"1":[8,7],"2":[12,6]}}
,"C:\\proj\\bible\\kjv-search\\src\\search\\searches-to-prisma.ts": {"path":"C:\\proj\\bible\\kjv-search\\src\\search\\searches-to-prisma.ts","statementMap":{"0":{"start":{"line":4,"column":17},"end":{"line":20,"column":8}},"1":{"start":{"line":5,"column":2},"end":{"line":20,"column":8}},"2":{"start":{"line":6,"column":4},"end":{"line":19,"column":44}},"3":{"start":{"line":10,"column":12},"end":{"line":16,"column":14}},"4":{"start":{"line":14,"column":38},"end":{"line":14,"column":46}},"5":{"start":{"line":104,"column":9},"end":{"line":104,"column":17}},"6":{"start":{"line":22,"column":21},"end":{"line":35,"column":1}},"7":{"start":{"line":27,"column":2},"end":{"line":34,"column":4}},"8":{"start":{"line":37,"column":29},"end":{"line":73,"column":1}},"9":{"start":{"line":42,"column":2},"end":{"line":72,"column":8}},"10":{"start":{"line":75,"column":27},"end":{"line":102,"column":1}},"11":{"start":{"line":79,"column":2},"end":{"line":101,"column":8}}},"fnMap":{"0":{"name":"(anonymous_0)","decl":{"start":{"line":4,"column":17},"end":{"line":4,"column":18}},"loc":{"start":{"line":5,"column":2},"end":{"line":20,"column":8}}},"1":{"name":"(anonymous_1)","decl":{"start":{"line":5,"column":30},"end":{"line":5,"column":31}},"loc":{"start":{"line":5,"column":46},"end":{"line":20,"column":3}}},"2":{"name":"(anonymous_2)","decl":{"start":{"line":9,"column":33},"end":{"line":9,"column":34}},"loc":{"start":{"line":9,"column":40},"end":{"line":17,"column":11}}},"3":{"name":"(anonymous_3)","decl":{"start":{"line":14,"column":31},"end":{"line":14,"column":32}},"loc":{"start":{"line":14,"column":38},"end":{"line":14,"column":46}}},"4":{"name":"(anonymous_4)","decl":{"start":{"line":22,"column":21},"end":{"line":22,"column":null}},"loc":{"start":{"line":26,"column":29},"end":{"line":35,"column":1}}},"5":{"name":"(anonymous_5)","decl":{"start":{"line":37,"column":29},"end":{"line":37,"column":null}},"loc":{"start":{"line":41,"column":32},"end":{"line":73,"column":1}}},"6":{"name":"(anonymous_6)","decl":{"start":{"line":75,"column":27},"end":{"line":75,"column":null}},"loc":{"start":{"line":78,"column":30},"end":{"line":102,"column":1}}}},"branchMap":{"0":{"loc":{"start":{"line":6,"column":11},"end":{"line":19,"column":43}},"type":"cond-expr","locations":[{"start":{"line":7,"column":8},"end":{"line":18,"column":null}},{"start":{"line":19,"column":8},"end":{"line":19,"column":43}}]},"1":{"loc":{"start":{"line":6,"column":11},"end":{"line":6,"column":56}},"type":"binary-expr","locations":[{"start":{"line":6,"column":11},"end":{"line":6,"column":26}},{"start":{"line":6,"column":30},"end":{"line":6,"column":56}}]},"2":{"loc":{"start":{"line":42,"column":9},"end":{"line":72,"column":8}},"type":"cond-expr","locations":[{"start":{"line":43,"column":6},"end":{"line":60,"column":null}},{"start":{"line":61,"column":6},"end":{"line":72,"column":8}}]},"3":{"loc":{"start":{"line":79,"column":9},"end":{"line":101,"column":8}},"type":"cond-expr","locations":[{"start":{"line":80,"column":6},"end":{"line":96,"column":null}},{"start":{"line":97,"column":6},"end":{"line":101,"column":8}}]},"4":{"loc":{"start":{"line":79,"column":9},"end":{"line":79,"column":36}},"type":"binary-expr","locations":[{"start":{"line":79,"column":9},"end":{"line":79,"column":15}},{"start":{"line":79,"column":19},"end":{"line":79,"column":36}}]}},"s":{"0":1,"1":6,"2":6,"3":9,"4":4,"5":1,"6":1,"7":10,"8":1,"9":10,"10":1,"11":9},"f":{"0":6,"1":6,"2":9,"3":4,"4":10,"5":10,"6":9},"b":{"0":[5,1],"1":[6,6],"2":[9,1],"3":[2,7],"4":[9,6]}}
,"C:\\proj\\bible\\kjv-search\\src\\search\\string-to-searches.ts": {"path":"C:\\proj\\bible\\kjv-search\\src\\search\\string-to-searches.ts","statementMap":{"0":{"start":{"line":1,"column":0},"end":{"line":1,"column":44}},"1":{"start":{"line":4,"column":20},"end":{"line":20,"column":1}},"2":{"start":{"line":5,"column":2},"end":{"line":19,"column":null}},"3":{"start":{"line":6,"column":4},"end":{"line":6,"column":55}},"4":{"start":{"line":7,"column":9},"end":{"line":19,"column":null}},"5":{"start":{"line":8,"column":4},"end":{"line":8,"column":57}},"6":{"start":{"line":9,"column":9},"end":{"line":19,"column":null}},"7":{"start":{"line":10,"column":4},"end":{"line":10,"column":48}},"8":{"start":{"line":11,"column":9},"end":{"line":19,"column":null}},"9":{"start":{"line":12,"column":4},"end":{"line":12,"column":43}},"10":{"start":{"line":13,"column":9},"end":{"line":19,"column":null}},"11":{"start":{"line":14,"column":4},"end":{"line":14,"column":47}},"12":{"start":{"line":15,"column":9},"end":{"line":19,"column":null}},"13":{"start":{"line":16,"column":4},"end":{"line":16,"column":42}},"14":{"start":{"line":17,"column":9},"end":{"line":19,"column":null}},"15":{"start":{"line":18,"column":4},"end":{"line":18,"column":31}},"16":{"start":{"line":22,"column":20},"end":{"line":27,"column":23}},"17":{"start":{"line":23,"column":2},"end":{"line":27,"column":23}},"18":{"start":{"line":24,"column":31},"end":{"line":24,"column":41}},"19":{"start":{"line":25,"column":22},"end":{"line":25,"column":51}},"20":{"start":{"line":26,"column":4},"end":{"line":26,"column":45}},"21":{"start":{"line":233,"column":9},"end":{"line":233,"column":20}},"22":{"start":{"line":29,"column":16},"end":{"line":43,"column":1}},"23":{"start":{"line":30,"column":20},"end":{"line":30,"column":66}},"24":{"start":{"line":31,"column":50},"end":{"line":36,"column":4}},"25":{"start":{"line":37,"column":2},"end":{"line":42,"column":4}},"26":{"start":{"line":44,"column":18},"end":{"line":49,"column":1}},"27":{"start":{"line":45,"column":2},"end":{"line":48,"column":4}},"28":{"start":{"line":51,"column":19},"end":{"line":51,"column":64}},"29":{"start":{"line":51,"column":39},"end":{"line":51,"column":64}},"30":{"start":{"line":52,"column":19},"end":{"line":52,"column":74}},"31":{"start":{"line":52,"column":39},"end":{"line":52,"column":74}},"32":{"start":{"line":53,"column":21},"end":{"line":65,"column":1}},"33":{"start":{"line":54,"column":24},"end":{"line":54,"column":53}},"34":{"start":{"line":56,"column":27},"end":{"line":59,"column":4}},"35":{"start":{"line":61,"column":2},"end":{"line":64,"column":4}},"36":{"start":{"line":67,"column":20},"end":{"line":67,"column":75}},"37":{"start":{"line":67,"column":40},"end":{"line":67,"column":75}},"38":{"start":{"line":68,"column":20},"end":{"line":77,"column":1}},"39":{"start":{"line":69,"column":17},"end":{"line":69,"column":59}},"40":{"start":{"line":70,"column":17},"end":{"line":70,"column":41}},"41":{"start":{"line":71,"column":17},"end":{"line":71,"column":41}},"42":{"start":{"line":72,"column":14},"end":{"line":72,"column":38}},"43":{"start":{"line":73,"column":15},"end":{"line":73,"column":39}},"44":{"start":{"line":74,"column":16},"end":{"line":74,"column":30}},"45":{"start":{"line":75,"column":16},"end":{"line":75,"column":40}},"46":{"start":{"line":76,"column":2},"end":{"line":76,"column":15}},"47":{"start":{"line":78,"column":22},"end":{"line":90,"column":1}},"48":{"start":{"line":79,"column":19},"end":{"line":84,"column":4}},"49":{"start":{"line":80,"column":4},"end":{"line":83,"column":6}},"50":{"start":{"line":86,"column":2},"end":{"line":89,"column":4}},"51":{"start":{"line":92,"column":24},"end":{"line":93,"column":38}},"52":{"start":{"line":93,"column":2},"end":{"line":93,"column":38}},"53":{"start":{"line":94,"column":24},"end":{"line":97,"column":1}},"54":{"start":{"line":95,"column":17},"end":{"line":95,"column":58}},"55":{"start":{"line":96,"column":2},"end":{"line":96,"column":62}},"56":{"start":{"line":98,"column":26},"end":{"line":114,"column":1}},"57":{"start":{"line":99,"column":27},"end":{"line":99,"column":50}},"58":{"start":{"line":101,"column":2},"end":{"line":113,"column":4}},"59":{"start":{"line":116,"column":25},"end":{"line":117,"column":47}},"60":{"start":{"line":117,"column":2},"end":{"line":117,"column":47}},"61":{"start":{"line":118,"column":25},"end":{"line":130,"column":1}},"62":{"start":{"line":121,"column":17},"end":{"line":121,"column":72}},"63":{"start":{"line":122,"column":18},"end":{"line":122,"column":42}},"64":{"start":{"line":123,"column":17},"end":{"line":123,"column":41}},"65":{"start":{"line":124,"column":17},"end":{"line":124,"column":41}},"66":{"start":{"line":125,"column":14},"end":{"line":125,"column":38}},"67":{"start":{"line":126,"column":14},"end":{"line":126,"column":38}},"68":{"start":{"line":127,"column":16},"end":{"line":127,"column":29}},"69":{"start":{"line":129,"column":2},"end":{"line":129,"column":45}},"70":{"start":{"line":131,"column":27},"end":{"line":148,"column":1}},"71":{"start":{"line":132,"column":28},"end":{"line":132,"column":52}},"72":{"start":{"line":133,"column":22},"end":{"line":137,"column":4}},"73":{"start":{"line":134,"column":4},"end":{"line":136,"column":6}},"74":{"start":{"line":139,"column":2},"end":{"line":147,"column":4}},"75":{"start":{"line":150,"column":34},"end":{"line":151,"column":63}},"76":{"start":{"line":151,"column":2},"end":{"line":151,"column":63}},"77":{"start":{"line":152,"column":34},"end":{"line":168,"column":8}},"78":{"start":{"line":153,"column":2},"end":{"line":168,"column":8}},"79":{"start":{"line":154,"column":20},"end":{"line":154,"column":71}},"80":{"start":{"line":155,"column":19},"end":{"line":155,"column":44}},"81":{"start":{"line":156,"column":19},"end":{"line":156,"column":44}},"82":{"start":{"line":158,"column":4},"end":{"line":167,"column":null}},"83":{"start":{"line":159,"column":21},"end":{"line":159,"column":45}},"84":{"start":{"line":160,"column":22},"end":{"line":160,"column":46}},"85":{"start":{"line":161,"column":20},"end":{"line":161,"column":62}},"86":{"start":{"line":162,"column":6},"end":{"line":162,"column":30}},"87":{"start":{"line":163,"column":11},"end":{"line":167,"column":null}},"88":{"start":{"line":164,"column":6},"end":{"line":164,"column":28}},"89":{"start":{"line":166,"column":6},"end":{"line":166,"column":20}},"90":{"start":{"line":169,"column":36},"end":{"line":183,"column":1}},"91":{"start":{"line":173,"column":19},"end":{"line":173,"column":52}},"92":{"start":{"line":175,"column":2},"end":{"line":182,"column":4}},"93":{"start":{"line":178,"column":6},"end":{"line":180,"column":8}},"94":{"start":{"line":185,"column":32},"end":{"line":186,"column":60}},"95":{"start":{"line":186,"column":2},"end":{"line":186,"column":60}},"96":{"start":{"line":187,"column":32},"end":{"line":214,"column":1}},"97":{"start":{"line":190,"column":25},"end":{"line":190,"column":73}},"98":{"start":{"line":191,"column":18},"end":{"line":191,"column":50}},"99":{"start":{"line":192,"column":23},"end":{"line":192,"column":55}},"100":{"start":{"line":193,"column":27},"end":{"line":193,"column":77}},"101":{"start":{"line":195,"column":17},"end":{"line":211,"column":4}},"102":{"start":{"line":198,"column":22},"end":{"line":198,"column":56}},"103":{"start":{"line":199,"column":20},"end":{"line":199,"column":45}},"104":{"start":{"line":201,"column":6},"end":{"line":209,"column":null}},"105":{"start":{"line":206,"column":8},"end":{"line":206,"column":29}},"106":{"start":{"line":208,"column":8},"end":{"line":208,"column":17}},"107":{"start":{"line":213,"column":2},"end":{"line":213,"column":49}},"108":{"start":{"line":213,"column":41},"end":{"line":213,"column":46}},"109":{"start":{"line":215,"column":34},"end":{"line":231,"column":1}},"110":{"start":{"line":216,"column":28},"end":{"line":216,"column":59}},"111":{"start":{"line":218,"column":2},"end":{"line":230,"column":4}},"112":{"start":{"line":224,"column":10},"end":{"line":226,"column":12}}},"fnMap":{"0":{"name":"(anonymous_0)","decl":{"start":{"line":4,"column":20},"end":{"line":4,"column":21}},"loc":{"start":{"line":4,"column":75},"end":{"line":20,"column":1}}},"1":{"name":"(anonymous_1)","decl":{"start":{"line":22,"column":20},"end":{"line":22,"column":21}},"loc":{"start":{"line":23,"column":2},"end":{"line":27,"column":23}}},"2":{"name":"(anonymous_2)","decl":{"start":{"line":23,"column":40},"end":{"line":23,"column":41}},"loc":{"start":{"line":23,"column":49},"end":{"line":27,"column":3}}},"3":{"name":"(anonymous_3)","decl":{"start":{"line":29,"column":16},"end":{"line":29,"column":17}},"loc":{"start":{"line":29,"column":71},"end":{"line":43,"column":1}}},"4":{"name":"(anonymous_4)","decl":{"start":{"line":44,"column":18},"end":{"line":44,"column":19}},"loc":{"start":{"line":44,"column":45},"end":{"line":49,"column":1}}},"5":{"name":"(anonymous_5)","decl":{"start":{"line":51,"column":19},"end":{"line":51,"column":20}},"loc":{"start":{"line":51,"column":39},"end":{"line":51,"column":64}}},"6":{"name":"(anonymous_6)","decl":{"start":{"line":52,"column":19},"end":{"line":52,"column":20}},"loc":{"start":{"line":52,"column":39},"end":{"line":52,"column":74}}},"7":{"name":"(anonymous_7)","decl":{"start":{"line":53,"column":21},"end":{"line":53,"column":22}},"loc":{"start":{"line":53,"column":64},"end":{"line":65,"column":1}}},"8":{"name":"(anonymous_8)","decl":{"start":{"line":67,"column":20},"end":{"line":67,"column":21}},"loc":{"start":{"line":67,"column":40},"end":{"line":67,"column":75}}},"9":{"name":"(anonymous_9)","decl":{"start":{"line":68,"column":20},"end":{"line":68,"column":21}},"loc":{"start":{"line":68,"column":54},"end":{"line":77,"column":1}}},"10":{"name":"(anonymous_10)","decl":{"start":{"line":78,"column":22},"end":{"line":78,"column":23}},"loc":{"start":{"line":78,"column":65},"end":{"line":90,"column":1}}},"11":{"name":"(anonymous_11)","decl":{"start":{"line":79,"column":52},"end":{"line":79,"column":53}},"loc":{"start":{"line":79,"column":58},"end":{"line":84,"column":3}}},"12":{"name":"(anonymous_12)","decl":{"start":{"line":92,"column":24},"end":{"line":92,"column":25}},"loc":{"start":{"line":93,"column":2},"end":{"line":93,"column":38}}},"13":{"name":"(anonymous_13)","decl":{"start":{"line":94,"column":24},"end":{"line":94,"column":25}},"loc":{"start":{"line":94,"column":77},"end":{"line":97,"column":1}}},"14":{"name":"(anonymous_14)","decl":{"start":{"line":98,"column":26},"end":{"line":98,"column":27}},"loc":{"start":{"line":98,"column":69},"end":{"line":114,"column":1}}},"15":{"name":"(anonymous_15)","decl":{"start":{"line":116,"column":25},"end":{"line":116,"column":26}},"loc":{"start":{"line":117,"column":2},"end":{"line":117,"column":47}}},"16":{"name":"(anonymous_16)","decl":{"start":{"line":118,"column":25},"end":{"line":118,"column":null}},"loc":{"start":{"line":120,"column":46},"end":{"line":130,"column":1}}},"17":{"name":"(anonymous_17)","decl":{"start":{"line":131,"column":27},"end":{"line":131,"column":28}},"loc":{"start":{"line":131,"column":70},"end":{"line":148,"column":1}}},"18":{"name":"(anonymous_18)","decl":{"start":{"line":133,"column":40},"end":{"line":133,"column":41}},"loc":{"start":{"line":133,"column":46},"end":{"line":137,"column":3}}},"19":{"name":"(anonymous_19)","decl":{"start":{"line":150,"column":34},"end":{"line":150,"column":35}},"loc":{"start":{"line":151,"column":2},"end":{"line":151,"column":63}}},"20":{"name":"(anonymous_20)","decl":{"start":{"line":152,"column":34},"end":{"line":152,"column":35}},"loc":{"start":{"line":153,"column":2},"end":{"line":168,"column":8}}},"21":{"name":"(anonymous_21)","decl":{"start":{"line":153,"column":42},"end":{"line":153,"column":43}},"loc":{"start":{"line":153,"column":58},"end":{"line":168,"column":3}}},"22":{"name":"(anonymous_22)","decl":{"start":{"line":169,"column":36},"end":{"line":169,"column":null}},"loc":{"start":{"line":172,"column":10},"end":{"line":183,"column":1}}},"23":{"name":"(anonymous_23)","decl":{"start":{"line":177,"column":27},"end":{"line":177,"column":28}},"loc":{"start":{"line":177,"column":33},"end":{"line":181,"column":5}}},"24":{"name":"(anonymous_24)","decl":{"start":{"line":185,"column":32},"end":{"line":185,"column":33}},"loc":{"start":{"line":186,"column":2},"end":{"line":186,"column":60}}},"25":{"name":"(anonymous_25)","decl":{"start":{"line":187,"column":32},"end":{"line":187,"column":null}},"loc":{"start":{"line":189,"column":46},"end":{"line":214,"column":1}}},"26":{"name":"(anonymous_26)","decl":{"start":{"line":197,"column":57},"end":{"line":197,"column":58}},"loc":{"start":{"line":197,"column":73},"end":{"line":210,"column":5}}},"27":{"name":"(anonymous_27)","decl":{"start":{"line":213,"column":31},"end":{"line":213,"column":32}},"loc":{"start":{"line":213,"column":41},"end":{"line":213,"column":46}}},"28":{"name":"(anonymous_28)","decl":{"start":{"line":215,"column":34},"end":{"line":215,"column":35}},"loc":{"start":{"line":215,"column":77},"end":{"line":231,"column":1}}},"29":{"name":"(anonymous_29)","decl":{"start":{"line":223,"column":27},"end":{"line":223,"column":28}},"loc":{"start":{"line":223,"column":33},"end":{"line":227,"column":9}}}},"branchMap":{"0":{"loc":{"start":{"line":5,"column":2},"end":{"line":19,"column":null}},"type":"if","locations":[{"start":{"line":5,"column":2},"end":{"line":19,"column":null}},{"start":{"line":7,"column":9},"end":{"line":19,"column":null}}]},"1":{"loc":{"start":{"line":7,"column":9},"end":{"line":19,"column":null}},"type":"if","locations":[{"start":{"line":7,"column":9},"end":{"line":19,"column":null}},{"start":{"line":9,"column":9},"end":{"line":19,"column":null}}]},"2":{"loc":{"start":{"line":9,"column":9},"end":{"line":19,"column":null}},"type":"if","locations":[{"start":{"line":9,"column":9},"end":{"line":19,"column":null}},{"start":{"line":11,"column":9},"end":{"line":19,"column":null}}]},"3":{"loc":{"start":{"line":11,"column":9},"end":{"line":19,"column":null}},"type":"if","locations":[{"start":{"line":11,"column":9},"end":{"line":19,"column":null}},{"start":{"line":13,"column":9},"end":{"line":19,"column":null}}]},"4":{"loc":{"start":{"line":13,"column":9},"end":{"line":19,"column":null}},"type":"if","locations":[{"start":{"line":13,"column":9},"end":{"line":19,"column":null}},{"start":{"line":15,"column":9},"end":{"line":19,"column":null}}]},"5":{"loc":{"start":{"line":15,"column":9},"end":{"line":19,"column":null}},"type":"if","locations":[{"start":{"line":15,"column":9},"end":{"line":19,"column":null}},{"start":{"line":17,"column":9},"end":{"line":19,"column":null}}]},"6":{"loc":{"start":{"line":17,"column":9},"end":{"line":19,"column":null}},"type":"if","locations":[{"start":{"line":17,"column":9},"end":{"line":19,"column":null}}]},"7":{"loc":{"start":{"line":26,"column":11},"end":{"line":26,"column":44}},"type":"cond-expr","locations":[{"start":{"line":26,"column":23},"end":{"line":26,"column":40}},{"start":{"line":26,"column":43},"end":{"line":26,"column":44}}]},"8":{"loc":{"start":{"line":33,"column":4},"end":{"line":33,"column":26}},"type":"binary-expr","locations":[{"start":{"line":33,"column":4},"end":{"line":33,"column":20}},{"start":{"line":33,"column":24},"end":{"line":33,"column":26}}]},"9":{"loc":{"start":{"line":34,"column":4},"end":{"line":34,"column":34}},"type":"binary-expr","locations":[{"start":{"line":34,"column":4},"end":{"line":34,"column":28}},{"start":{"line":34,"column":32},"end":{"line":34,"column":34}}]},"10":{"loc":{"start":{"line":35,"column":4},"end":{"line":35,"column":34}},"type":"binary-expr","locations":[{"start":{"line":35,"column":4},"end":{"line":35,"column":28}},{"start":{"line":35,"column":32},"end":{"line":35,"column":34}}]},"11":{"loc":{"start":{"line":39,"column":6},"end":{"line":39,"column":null}},"type":"cond-expr","locations":[{"start":{"line":39,"column":50},"end":{"line":39,"column":63}},{"start":{"line":39,"column":66},"end":{"line":39,"column":null}}]},"12":{"loc":{"start":{"line":39,"column":6},"end":{"line":39,"column":47}},"type":"binary-expr","locations":[{"start":{"line":39,"column":6},"end":{"line":39,"column":24}},{"start":{"line":39,"column":28},"end":{"line":39,"column":47}}]},"13":{"loc":{"start":{"line":158,"column":4},"end":{"line":167,"column":null}},"type":"if","locations":[{"start":{"line":158,"column":4},"end":{"line":167,"column":null}},{"start":{"line":163,"column":11},"end":{"line":167,"column":null}}]},"14":{"loc":{"start":{"line":158,"column":8},"end":{"line":158,"column":54}},"type":"binary-expr","locations":[{"start":{"line":158,"column":8},"end":{"line":158,"column":29}},{"start":{"line":158,"column":33},"end":{"line":158,"column":54}}]},"15":{"loc":{"start":{"line":163,"column":11},"end":{"line":167,"column":null}},"type":"if","locations":[{"start":{"line":163,"column":11},"end":{"line":167,"column":null}},{"start":{"line":165,"column":11},"end":{"line":167,"column":null}}]},"16":{"loc":{"start":{"line":201,"column":6},"end":{"line":209,"column":null}},"type":"if","locations":[{"start":{"line":201,"column":6},"end":{"line":209,"column":null}},{"start":{"line":207,"column":13},"end":{"line":209,"column":null}}]},"17":{"loc":{"start":{"line":202,"column":8},"end":{"line":204,"column":28}},"type":"binary-expr","locations":[{"start":{"line":202,"column":8},"end":{"line":202,"column":30}},{"start":{"line":203,"column":8},"end":{"line":203,"column":35}},{"start":{"line":204,"column":8},"end":{"line":204,"column":28}}]}},"s":{"0":1,"1":1,"2":7,"3":1,"4":6,"5":1,"6":5,"7":1,"8":4,"9":1,"10":3,"11":1,"12":2,"13":1,"14":1,"15":1,"16":1,"17":1,"18":7,"19":7,"20":7,"21":1,"22":1,"23":7,"24":7,"25":7,"26":1,"27":1,"28":1,"29":2,"30":1,"31":1,"32":1,"33":1,"34":1,"35":1,"36":1,"37":4,"38":1,"39":1,"40":1,"41":1,"42":1,"43":1,"44":1,"45":1,"46":1,"47":1,"48":1,"49":3,"50":1,"51":1,"52":3,"53":1,"54":1,"55":1,"56":1,"57":1,"58":1,"59":1,"60":5,"61":1,"62":1,"63":1,"64":1,"65":1,"66":1,"67":1,"68":1,"69":1,"70":1,"71":1,"72":1,"73":3,"74":1,"75":1,"76":6,"77":1,"78":1,"79":3,"80":3,"81":3,"82":3,"83":0,"84":0,"85":0,"86":0,"87":3,"88":3,"89":0,"90":1,"91":1,"92":1,"93":3,"94":1,"95":7,"96":1,"97":1,"98":1,"99":1,"100":1,"101":1,"102":3,"103":3,"104":3,"105":2,"106":1,"107":1,"108":2,"109":1,"110":1,"111":1,"112":3},"f":{"0":7,"1":1,"2":7,"3":7,"4":1,"5":2,"6":1,"7":1,"8":4,"9":1,"10":1,"11":3,"12":3,"13":1,"14":1,"15":5,"16":1,"17":1,"18":3,"19":6,"20":1,"21":3,"22":1,"23":3,"24":7,"25":1,"26":3,"27":2,"28":1,"29":3},"b":{"0":[1,6],"1":[1,5],"2":[1,4],"3":[1,3],"4":[1,2],"5":[1,1],"6":[1],"7":[7,0],"8":[7,0],"9":[7,0],"10":[7,0],"11":[6,1],"12":[7,6],"13":[0,3],"14":[3,3],"15":[3,0],"16":[2,1],"17":[3,3,3]}}
}
