TN:
SF:src\lib\array.ts
FN:1,(anonymous_0)
FN:4,(anonymous_1)
FNF:2
FNH:2
FNDA:8,(anonymous_0)
FNDA:18,(anonymous_1)
DA:1,2
DA:2,8
DA:5,18
DA:8,2
LF:4
LH:4
BRDA:2,0,0,2
BRDA:2,0,1,6
BRDA:2,1,0,8
BRDA:2,1,1,7
BRDA:5,2,0,12
BRDA:5,2,1,6
BRF:6
BRH:6
end_of_record
TN:
SF:src\search\searches-to-prisma.ts
FN:4,(anonymous_0)
FN:5,(anonymous_1)
FN:9,(anonymous_2)
FN:14,(anonymous_3)
FN:22,(anonymous_4)
FN:37,(anonymous_5)
FN:75,(anonymous_6)
FNF:7
FNH:7
FNDA:6,(anonymous_0)
FNDA:6,(anonymous_1)
FNDA:9,(anonymous_2)
FNDA:4,(anonymous_3)
FNDA:10,(anonymous_4)
FNDA:10,(anonymous_5)
FNDA:9,(anonymous_6)
DA:4,1
DA:5,6
DA:6,6
DA:10,9
DA:14,4
DA:22,1
DA:27,10
DA:37,1
DA:42,10
DA:75,1
DA:79,9
DA:104,1
LF:12
LH:12
BRDA:6,0,0,5
BRDA:6,0,1,1
BRDA:6,1,0,6
BRDA:6,1,1,6
BRDA:42,2,0,9
BRDA:42,2,1,1
BRDA:79,3,0,2
BRDA:79,3,1,7
BRDA:79,4,0,9
BRDA:79,4,1,6
BRF:10
BRH:10
end_of_record
TN:
SF:src\search\string-to-searches.ts
FN:4,(anonymous_0)
FN:22,(anonymous_1)
FN:23,(anonymous_2)
FN:29,(anonymous_3)
FN:44,(anonymous_4)
FN:51,(anonymous_5)
FN:52,(anonymous_6)
FN:53,(anonymous_7)
FN:67,(anonymous_8)
FN:68,(anonymous_9)
FN:78,(anonymous_10)
FN:79,(anonymous_11)
FN:92,(anonymous_12)
FN:94,(anonymous_13)
FN:98,(anonymous_14)
FN:116,(anonymous_15)
FN:118,(anonymous_16)
FN:131,(anonymous_17)
FN:133,(anonymous_18)
FN:150,(anonymous_19)
FN:152,(anonymous_20)
FN:153,(anonymous_21)
FN:169,(anonymous_22)
FN:177,(anonymous_23)
FN:185,(anonymous_24)
FN:187,(anonymous_25)
FN:197,(anonymous_26)
FN:213,(anonymous_27)
FN:215,(anonymous_28)
FN:223,(anonymous_29)
FNF:30
FNH:30
FNDA:7,(anonymous_0)
FNDA:1,(anonymous_1)
FNDA:7,(anonymous_2)
FNDA:7,(anonymous_3)
FNDA:1,(anonymous_4)
FNDA:2,(anonymous_5)
FNDA:1,(anonymous_6)
FNDA:1,(anonymous_7)
FNDA:4,(anonymous_8)
FNDA:1,(anonymous_9)
FNDA:1,(anonymous_10)
FNDA:3,(anonymous_11)
FNDA:3,(anonymous_12)
FNDA:1,(anonymous_13)
FNDA:1,(anonymous_14)
FNDA:5,(anonymous_15)
FNDA:1,(anonymous_16)
FNDA:1,(anonymous_17)
FNDA:3,(anonymous_18)
FNDA:6,(anonymous_19)
FNDA:1,(anonymous_20)
FNDA:3,(anonymous_21)
FNDA:1,(anonymous_22)
FNDA:3,(anonymous_23)
FNDA:7,(anonymous_24)
FNDA:1,(anonymous_25)
FNDA:3,(anonymous_26)
FNDA:2,(anonymous_27)
FNDA:1,(anonymous_28)
FNDA:3,(anonymous_29)
DA:1,1
DA:4,1
DA:5,7
DA:6,1
DA:7,6
DA:8,1
DA:9,5
DA:10,1
DA:11,4
DA:12,1
DA:13,3
DA:14,1
DA:15,2
DA:16,1
DA:17,1
DA:18,1
DA:22,1
DA:23,1
DA:24,7
DA:25,7
DA:26,7
DA:29,1
DA:30,7
DA:31,7
DA:37,7
DA:44,1
DA:45,1
DA:51,2
DA:52,1
DA:53,1
DA:54,1
DA:56,1
DA:61,1
DA:67,4
DA:68,1
DA:69,1
DA:70,1
DA:71,1
DA:72,1
DA:73,1
DA:74,1
DA:75,1
DA:76,1
DA:78,1
DA:79,1
DA:80,3
DA:86,1
DA:92,1
DA:93,3
DA:94,1
DA:95,1
DA:96,1
DA:98,1
DA:99,1
DA:101,1
DA:116,1
DA:117,5
DA:118,1
DA:121,1
DA:122,1
DA:123,1
DA:124,1
DA:125,1
DA:126,1
DA:127,1
DA:129,1
DA:131,1
DA:132,1
DA:133,1
DA:134,3
DA:139,1
DA:150,1
DA:151,6
DA:152,1
DA:153,1
DA:154,3
DA:155,3
DA:156,3
DA:158,3
DA:159,0
DA:160,0
DA:161,0
DA:162,0
DA:163,3
DA:164,3
DA:166,0
DA:169,1
DA:173,1
DA:175,1
DA:178,3
DA:185,1
DA:186,7
DA:187,1
DA:190,1
DA:191,1
DA:192,1
DA:193,1
DA:195,1
DA:198,3
DA:199,3
DA:201,3
DA:206,2
DA:208,1
DA:213,2
DA:215,1
DA:216,1
DA:218,1
DA:224,3
DA:233,1
LF:109
LH:104
BRDA:5,0,0,1
BRDA:5,0,1,6
BRDA:7,1,0,1
BRDA:7,1,1,5
BRDA:9,2,0,1
BRDA:9,2,1,4
BRDA:11,3,0,1
BRDA:11,3,1,3
BRDA:13,4,0,1
BRDA:13,4,1,2
BRDA:15,5,0,1
BRDA:15,5,1,1
BRDA:17,6,0,1
BRDA:26,7,0,7
BRDA:26,7,1,0
BRDA:33,8,0,7
BRDA:33,8,1,0
BRDA:34,9,0,7
BRDA:34,9,1,0
BRDA:35,10,0,7
BRDA:35,10,1,0
BRDA:39,11,0,6
BRDA:39,11,1,1
BRDA:39,12,0,7
BRDA:39,12,1,6
BRDA:158,13,0,0
BRDA:158,13,1,3
BRDA:158,14,0,3
BRDA:158,14,1,3
BRDA:163,15,0,3
BRDA:163,15,1,0
BRDA:201,16,0,2
BRDA:201,16,1,1
BRDA:202,17,0,3
BRDA:202,17,1,3
BRDA:202,17,2,3
BRF:36
BRH:30
end_of_record
